INFO: Classes for registry class minetweaker.mods.ic2.ClassRegistry not found, skipping
INFO: Loaded class registry: NEI mod support
ERROR: system: AutoSpawner is already defined in that package
INFO: Loaded class registry: MFR mod support
INFO: MineTweaker: Building registry
INFO: MineTweaker: Sucessfully built item registry
INFO: Adding command minetweaker
INFO: Adding minetweaker command tooltips
INFO: 
INFO: Adding minetweaker command appeng
INFO: Adding minetweaker command chiselGroups
INFO: Adding minetweaker command chiselVariations
INFO: Adding minetweaker command exnihilo
INFO: Adding minetweaker command gases
INFO: Adding minetweaker command mekanism
INFO: Adding minetweaker command materials
INFO: Adding minetweaker command modifiers
INFO: Adding minetweaker command tconstruct
INFO: Adding minetweaker command thermalexpansion
INFO: Adding minetweaker command mfr
INFO: Removing 1 recipes
INFO: Removing 1 recipes
INFO: Removing 1 recipes
INFO: Removing 1 recipes
INFO: Removing 1 recipes
INFO: Removing 1 recipes
INFO: Removing 1 recipes
INFO: Removing 1 recipes
INFO: Removing 1 recipes
INFO: Adding recipe for 蕴魔秘银粉
INFO: Adding recipe for 机器框架(基础)
INFO: Adding recipe for SAG磨粉机
INFO: Adding recipe for 富集仓
INFO: Adding recipe for 沙砾
INFO: Adding recipe for 轻型工程块
INFO: Adding recipe for 高炉砖
INFO: Adding recipe for 焦炉砖
INFO: Adding recipe for 工厂机械块
INFO: Adding recipe for 水泥
INFO: Adding furnace recipe for <minecraft:leather>
INFO: Adding furnace recipe for <minecraft:rotten_flesh>
INFO: [ModTweaker2] Adding 1 ExNihilo Sieve Recipe(s) for <minecraft:sand> (1 entries)
INFO: [ModTweaker2] Adding 1 ExNihilo Sieve Recipe(s) for <EnderIO:blockReinforcedObsidian> (1 entries)
INFO: Adding recipe for 陨石
INFO: Adding recipe for 玻璃瓶装天然气
INFO: Adding recipe for 日晷
INFO: Adding recipe for 末影蛋糕
INFO: 
INFO: 
INFO: 
INFO: 
INFO: 
INFO: 
INFO: 
INFO: 
INFO: 
INFO: 
INFO: 
INFO: 
